2024-09-23 14:40:53.483 INFO  [restartedMain] top.ychen.springboot.logging.Application : Starting Application using Java 17.0.4.1 with PID 18176 (D:\spring-boot-practice\spring-boot-logging\target\classes started by 23174 in D:\spring-boot-practice)
2024-09-23 14:40:53.487 INFO  [restartedMain] top.ychen.springboot.logging.Application : No active profile set, falling back to 1 default profile: "default"
2024-09-23 14:40:53.521 INFO  [restartedMain] org.springframework.boot.devtools.env.DevToolsPropertyDefaultsPostProcessor : Devtools property defaults active! Set 'spring.devtools.add-properties' to 'false' to disable
2024-09-23 14:40:53.522 INFO  [restartedMain] org.springframework.boot.devtools.env.DevToolsPropertyDefaultsPostProcessor : For additional web related logging consider setting the 'logging.level.web' property to 'DEBUG'
2024-09-23 14:40:54.011 WARN  [restartedMain] org.mybatis.spring.mapper.ClassPathMapperScanner : No MyBatis mapper was found in '[top.ychen.springboot.logging]' package. Please check your configuration.
2024-09-23 14:40:54.218 INFO  [restartedMain] org.springframework.boot.web.embedded.tomcat.TomcatWebServer : Tomcat initialized with port 8080 (http)
2024-09-23 14:40:54.226 INFO  [restartedMain] org.apache.catalina.core.StandardService : Starting service [Tomcat]
2024-09-23 14:40:54.226 INFO  [restartedMain] org.apache.catalina.core.StandardEngine : Starting Servlet engine: [Apache Tomcat/10.1.28]
2024-09-23 14:40:54.253 INFO  [restartedMain] org.apache.catalina.core.ContainerBase.[Tomcat].[localhost].[/] : Initializing Spring embedded WebApplicationContext
2024-09-23 14:40:54.253 INFO  [restartedMain] org.springframework.boot.web.servlet.context.ServletWebServerApplicationContext : Root WebApplicationContext: initialization completed in 731 ms
2024-09-23 14:40:54.427 WARN  [restartedMain] org.springframework.boot.web.servlet.context.AnnotationConfigServletWebServerApplicationContext : Exception encountered during context initialization - cancelling refresh attempt: org.springframework.beans.factory.BeanCreationException: Error creating bean with name 'dataSource' defined in class path resource [org/springframework/boot/autoconfigure/jdbc/DataSourceConfiguration$Hikari.class]: Failed to instantiate [com.zaxxer.hikari.HikariDataSource]: Factory method 'dataSource' threw exception with message: Failed to determine a suitable driver class
2024-09-23 14:40:54.430 INFO  [restartedMain] org.apache.catalina.core.StandardService : Stopping service [Tomcat]
2024-09-23 14:40:54.439 INFO  [restartedMain] org.springframework.boot.autoconfigure.logging.ConditionEvaluationReportLogger : 

Error starting ApplicationContext. To display the condition evaluation report re-run your application with 'debug' enabled.
2024-09-23 14:40:54.449 ERROR [restartedMain] org.springframework.boot.diagnostics.LoggingFailureAnalysisReporter : 

***************************
APPLICATION FAILED TO START
***************************

Description:

Failed to configure a DataSource: 'url' attribute is not specified and no embedded datasource could be configured.

Reason: Failed to determine a suitable driver class


Action:

Consider the following:
	If you want an embedded database (H2, HSQL or Derby), please put it on the classpath.
	If you have database settings to be loaded from a particular profile you may need to activate it (no profiles are currently active).

